<?xml version="1.0" encoding="UTF-8"?>
<!-- Generated by org.testng.reporters.JUnitXMLReporter -->
<testsuite hostname="DESKTOP-MDH6837" name="Test" tests="4" failures="0" timestamp="14 May 2020 10:01:10 GMT" time="0.025" errors="0">
  <testcase name="@BeforeSuite setup_Browser" time="0.0" classname="com.classes360.Login_TestCase">
    <failure type="java.lang.IllegalStateException" message="The path to the driver executable must be set by the webdriver.chrome.driver system property; for more information, see https://github.com/SeleniumHQ/selenium/wiki/ChromeDriver. The latest version can be downloaded from http://chromedriver.storage.googleapis.com/index.html">
      <![CDATA[java.lang.IllegalStateException: The path to the driver executable must be set by the webdriver.chrome.driver system property; for more information, see https://github.com/SeleniumHQ/selenium/wiki/ChromeDriver. The latest version can be downloaded from http://chromedriver.storage.googleapis.com/index.html
	at com.google.common.base.Preconditions.checkState(Preconditions.java:847)
	at org.openqa.selenium.remote.service.DriverService.findExecutable(DriverService.java:124)
	at org.openqa.selenium.chrome.ChromeDriverService.access$000(ChromeDriverService.java:32)
	at org.openqa.selenium.chrome.ChromeDriverService$Builder.findDefaultExecutable(ChromeDriverService.java:137)
	at org.openqa.selenium.remote.service.DriverService$Builder.build(DriverService.java:339)
	at org.openqa.selenium.chrome.ChromeDriverService.createDefaultService(ChromeDriverService.java:88)
	at org.openqa.selenium.chrome.ChromeDriver.<init>(ChromeDriver.java:123)
	at com.classes360.Login_TestCase.setup_Browser(Login_TestCase.java:24)
... Removed 18 stack frames]]>
    </failure>
  </testcase> <!-- @BeforeSuite setup_Browser -->
  <testcase name="Verify_Url" time="0.002" classname="com.classes360.Login_TestCase">
    <skipped/>
  </testcase> <!-- Verify_Url -->
  <testcase name="verifyApplicationTitle" time="0.002" classname="com.classes360.Login_TestCase">
    <skipped/>
  </testcase> <!-- verifyApplicationTitle -->
  <testcase name="verify_title" time="0.001" classname="com.classes360.Login_TestCase">
    <skipped/>
  </testcase> <!-- verify_title -->
  <testcase name="loginsession" time="0.001" classname="com.classes360.Login_TestCase">
    <skipped/>
  </testcase> <!-- loginsession -->
</testsuite> <!-- Test -->
